<?xml version="1.0" encoding="UTF-8"?>
<testsuite xmlns:xsi="http://www.w3.org/2001/XMLSchema-instance" xsi:noNamespaceSchemaLocation="https://maven.apache.org/surefire/maven-surefire-plugin/xsd/surefire-test-report-3.0.xsd" version="3.0" name="features.CrudUsuariosTest" time="7.366" tests="1" errors="0" skipped="0" failures="0">
  <properties>
[...]
</properties>
  <testcase name="testCrudUsuarios" classname="features.CrudUsuariosTest" time="7.345">
    <system-out><![CDATA[16:28:53.761 [main] DEBUG com.intuit.karate.Suite - [config] classpath:karate-config.js
16:28:53.770 [main] DEBUG com.intuit.karate.Suite - waiting for 4 features to complete
16:28:54.816 [main] INFO  com.intuit.karate - karate.env system property was: null 
16:28:54.822 [main] INFO  com.intuit.karate - >> lock acquired, begin callSingle: classpath:features/generate-email.js
16:28:54.880 [main] INFO  com.intuit.karate - << lock released, cached callSingle: classpath:features/generate-email.js
16:28:55.320 [main] DEBUG com.intuit.karate - request:
1 > POST https://automationexercise.com/api/createAccount
1 > Content-Type: application/x-www-form-urlencoded
1 > Content-Length: 307
1 > Host: automationexercise.com
1 > Connection: Keep-Alive
1 > User-Agent: Apache-HttpClient/4.5.14 (Java/21.0.10)
1 > Accept-Encoding: gzip,deflate
name=TestUser&email=testuser1775338134842%40test.com&password=Password123&title=Mr&birth_date=15&birth_month=6&birth_year=1995&firstname=Test&lastname=User&company=TestCompany&address1=Calle+123&address2=Apto+456&country=United+States&zipcode=12345&state=California&city=Los+Angeles&mobile_number=3001234567

16:28:56.504 [main] DEBUG com.intuit.karate - response time in milliseconds: 1172
1 < 200
1 < Date: Sat, 04 Apr 2026 21:28:53 GMT
1 < Content-Type: text/html; charset=utf-8
1 < Transfer-Encoding: chunked
1 < Connection: keep-alive
1 < vary: Accept,Cookie,Accept-Encoding
1 < referrer-policy: same-origin
1 < x-frame-options: DENY
1 < x-content-type-options: nosniff
1 < allow: POST, OPTIONS
1 < x-powered-by: Phusion Passenger(R) 6.1.2
1 < status: 200 OK
1 < Report-To: {"group":"cf-nel","max_age":604800,"endpoints":[{"url":"https://a.nel.cloudflare.com/report/v4?s=iOIX%2B7Nkf%2F0uotHoyjyYQfWwIARNVVONGCAnOcnbZqDUxfQi9khe7nG1ywTawxr1Sx0liRHafuR48aov502SPoPvN29lBcr4xmDkteaq7vJCgPM9A1k61x2VhE5%2BiDcts6wAYn0Bau5B"}]}
1 < Server: cloudflare
1 < cf-cache-status: DYNAMIC
1 < Nel: {"report_to":"cf-nel","success_fraction":0.0,"max_age":604800}
1 < Server-Timing: cfCacheStatus;desc="DYNAMIC"
1 < Server-Timing: cfEdge;dur=10,cfOrigin;dur=270
1 < CF-RAY: 9e7367c48bfc742c-MIA
1 < alt-svc: h3=":443"; ma=86400
{"responseCode": 201, "message": "User created!"}

---------------------------------------------------------
feature: classpath:features/createUser.feature
scenarios:  1 | passed:  1 | failed:  0 | time: 1.6390
---------------------------------------------------------

16:28:57.317 [main] INFO  com.intuit.karate.Suite - <<pass>> feature 1 of 4 (3 remaining) classpath:features/createUser.feature
16:28:57.331 [main] INFO  com.intuit.karate - karate.env system property was: null 
16:28:57.343 [main] DEBUG com.intuit.karate - request:
1 > GET https://automationexercise.com/api/getUserDetailByEmail?email=testuser1775338134842%40test.com
1 > Host: automationexercise.com
1 > Connection: Keep-Alive
1 > User-Agent: Apache-HttpClient/4.5.14 (Java/21.0.10)
1 > Accept-Encoding: gzip,deflate


16:28:58.304 [main] DEBUG com.intuit.karate - response time in milliseconds: 958
1 < 200
1 < Date: Sat, 04 Apr 2026 21:28:55 GMT
1 < Content-Type: text/html; charset=utf-8
1 < Transfer-Encoding: chunked
1 < Connection: keep-alive
1 < vary: Accept,Cookie,Accept-Encoding
1 < referrer-policy: same-origin
1 < x-frame-options: DENY
1 < x-content-type-options: nosniff
1 < allow: GET, OPTIONS, DELETE, POST, PUT
1 < x-powered-by: Phusion Passenger(R) 6.1.2
1 < status: 200 OK
1 < Report-To: {"group":"cf-nel","max_age":604800,"endpoints":[{"url":"https://a.nel.cloudflare.com/report/v4?s=eReLLCOIaPRRwkiT6PTLDoOZx%2FiHUWQcsHTiRd1pbt7amyNUUz1%2BhwrEsKWKwivdShM4WRGsKxNEumQFFsbugiUeahjqKllq%2Bmghr%2BMXX6PFl%2B45fX5jZpjPRSVeBK5j2rF%2BYqEf%2Bxtd"}]}
1 < Server: cloudflare
1 < cf-cache-status: DYNAMIC
1 < Nel: {"report_to":"cf-nel","success_fraction":0.0,"max_age":604800}
1 < Server-Timing: cfCacheStatus;desc="DYNAMIC"
1 < Server-Timing: cfEdge;dur=11,cfOrigin;dur=284
1 < CF-RAY: 9e7367ce5abae9f0-MIA
1 < alt-svc: h3=":443"; ma=86400
{"responseCode": 200, "user": {"id": 1542674, "name": "TestUser", "email": "testuser1775338134842@test.com", "title": "Mr", "birth_day": "15", "birth_month": "6", "birth_year": "1995", "first_name": "Test", "last_name": "User", "company": "TestCompany", "address1": "Calle 123", "address2": "Apto 456", "country": "United States", "state": "California", "city": "Los Angeles", "zipcode": "12345"}}

---------------------------------------------------------
feature: classpath:features/getUser.feature
scenarios:  1 | passed:  1 | failed:  0 | time: 0.9727
---------------------------------------------------------

16:28:58.378 [main] INFO  com.intuit.karate.Suite - <<pass>> feature 2 of 4 (2 remaining) classpath:features/getUser.feature
16:28:58.386 [main] INFO  com.intuit.karate - karate.env system property was: null 
16:28:58.396 [main] DEBUG com.intuit.karate - request:
1 > PUT https://automationexercise.com/api/updateAccount
1 > Content-Type: application/x-www-form-urlencoded
1 > Content-Length: 305
1 > Host: automationexercise.com
1 > Connection: Keep-Alive
1 > User-Agent: Apache-HttpClient/4.5.14 (Java/21.0.10)
1 > Accept-Encoding: gzip,deflate
name=TestUser&email=testuser1775338134842%40test.com&password=Password123&title=Mrs&birth_date=20&birth_month=3&birth_year=1990&firstname=Updated&lastname=User&company=UpdatedCompany&address1=Carrera+456&address2=Oficina+789&country=Canada&zipcode=67890&state=Ontario&city=Toronto&mobile_number=3009876543

16:28:59.121 [main] DEBUG com.intuit.karate - response time in milliseconds: 724
1 < 200
1 < Date: Sat, 04 Apr 2026 21:28:56 GMT
1 < Content-Type: text/html; charset=utf-8
1 < Transfer-Encoding: chunked
1 < Connection: keep-alive
1 < vary: Accept,Cookie,Accept-Encoding
1 < referrer-policy: same-origin
1 < x-frame-options: DENY
1 < x-content-type-options: nosniff
1 < allow: PUT, OPTIONS
1 < x-powered-by: Phusion Passenger(R) 6.1.2
1 < status: 200 OK
1 < Report-To: {"group":"cf-nel","max_age":604800,"endpoints":[{"url":"https://a.nel.cloudflare.com/report/v4?s=rXTDwiHrtYvlnQtNMXijU8XnZOJkT60gW4XTG4tQ0dtXDLe0JIvX%2Fmwkr%2Fo3A7cNH2uiUMoGEvwzjDTkJXd9PyNob3bpi9IVSNPcPgttujbpkhePUS5Imhg0jhhLNdsiuuzG3xghx%2BO0"}]}
1 < Server: cloudflare
1 < cf-cache-status: DYNAMIC
1 < Nel: {"report_to":"cf-nel","success_fraction":0.0,"max_age":604800}
1 < Server-Timing: cfCacheStatus;desc="DYNAMIC"
1 < Server-Timing: cfEdge;dur=9,cfOrigin;dur=362
1 < CF-RAY: 9e7367d44e6d9cda-MIA
1 < alt-svc: h3=":443"; ma=86400
{"responseCode": 200, "message": "User updated!"}

---------------------------------------------------------
feature: classpath:features/updateUser.feature
scenarios:  1 | passed:  1 | failed:  0 | time: 0.7362
---------------------------------------------------------

16:28:59.272 [main] INFO  com.intuit.karate.Suite - <<pass>> feature 3 of 4 (1 remaining) classpath:features/updateUser.feature
16:28:59.281 [main] INFO  com.intuit.karate - karate.env system property was: null 
16:28:59.288 [main] DEBUG com.intuit.karate - request:
1 > DELETE https://automationexercise.com/api/deleteAccount
1 > Content-Type: application/x-www-form-urlencoded
1 > Content-Length: 59
1 > Host: automationexercise.com
1 > Connection: Keep-Alive
1 > User-Agent: Apache-HttpClient/4.5.14 (Java/21.0.10)
1 > Accept-Encoding: gzip,deflate
email=testuser1775338134842%40test.com&password=Password123

16:28:59.934 [main] DEBUG com.intuit.karate - response time in milliseconds: 645
1 < 200
1 < Date: Sat, 04 Apr 2026 21:28:56 GMT
1 < Content-Type: text/html; charset=utf-8
1 < Transfer-Encoding: chunked
1 < Connection: keep-alive
1 < vary: Accept,Cookie,Accept-Encoding
1 < referrer-policy: same-origin
1 < x-frame-options: DENY
1 < x-content-type-options: nosniff
1 < allow: DELETE, OPTIONS
1 < x-powered-by: Phusion Passenger(R) 6.1.2
1 < status: 200 OK
1 < Report-To: {"group":"cf-nel","max_age":604800,"endpoints":[{"url":"https://a.nel.cloudflare.com/report/v4?s=CZa2VptaOcPYuJkjS%2BYEpBvy4p11aJK3ZI6ZGYiRo6T2MmN9zKRSZuZQsCEgMCpfcxEfN%2Bv9X4tv7HqSPUYDmx9t%2FIsx5EClZ4CzpkYNcq4269vf39XOzSSN5q3Uu77uw2LeOQjFQhMr"}]}
1 < Server: cloudflare
1 < cf-cache-status: DYNAMIC
1 < Nel: {"report_to":"cf-nel","success_fraction":0.0,"max_age":604800}
1 < Server-Timing: cfCacheStatus;desc="DYNAMIC"
1 < Server-Timing: cfEdge;dur=8,cfOrigin;dur=305
1 < CF-RAY: 9e7367d9db88b3dd-MIA
1 < alt-svc: h3=":443"; ma=86400
{"responseCode": 200, "message": "Account deleted!"}

---------------------------------------------------------
feature: classpath:features/deleteUser.feature
scenarios:  1 | passed:  1 | failed:  0 | time: 0.6544
---------------------------------------------------------

16:29:00.018 [main] INFO  com.intuit.karate.Suite - <<pass>> feature 4 of 4 (0 remaining) classpath:features/deleteUser.feature
Karate version: 1.5.0
======================================================
elapsed:   6.74 | threads:    1 | thread time: 4.00 
features:     4 | skipped:    0 | efficiency: 0.59
scenarios:    4 | passed:     4 | failed: 0
======================================================

HTML report: (paste into browser to view) | Karate version: 1.5.0
file:///C:/Users/Asus/OneDrive/Documents/Sofka%20U/automatizacion-api-karate/target/karate-reports/karate-summary.html
===================================================================

]]></system-out>
  </testcase>
</testsuite>